Harry Potter Books API Test Results - 2025-06-30 15:54:55
==================================================

Failed Tests:
--------------------
Scraper.pages.tests.potter_api.api_houses.TestHarryPotterHousesAPI.test_pagination_consistency: FAIL
Reason: Traceback (most recent call last):
  File "/mnt/c/Users/Gilad/Desktop/repo/Intelli-Shop/Scraper/pages/tests/potter_api/api_houses.py", line 128, in test_pagination_consistency
    self.assertEqual(
AssertionError: 2 != 0 : Found duplicate houses across pages


Scraper.pages.tests.potter_api.api_houses.TestHarryPotterHousesAPI.test_query_parameter_combinations (params={'index': 0}): FAIL
Reason: Traceback (most recent call last):
  File "/mnt/c/Users/Gilad/Desktop/repo/Intelli-Shop/Scraper/pages/tests/potter_api/api_houses.py", line 62, in test_query_parameter_combinations
    self.assertEqual(
AssertionError: 6 != 1 : Single index query should return one house


Scraper.pages.tests.potter_api.api_houses.TestHarryPotterHousesAPI.test_search_functionality (search_term='Snake'): FAIL
Reason: Traceback (most recent call last):
  File "/mnt/c/Users/Gilad/Desktop/repo/Intelli-Shop/Scraper/pages/tests/potter_api/api_houses.py", line 102, in test_search_functionality
    self.assertIn(
AssertionError: 'Slytherin' not found in [] : Search for 'Snake' should return Slytherin


Scraper.pages.tests.potter_api.api_houses.TestHarryPotterHousesAPI.test_search_functionality (search_term='Helga'): FAIL
Reason: Traceback (most recent call last):
  File "/mnt/c/Users/Gilad/Desktop/repo/Intelli-Shop/Scraper/pages/tests/potter_api/api_houses.py", line 102, in test_search_functionality
    self.assertIn(
AssertionError: 'Hufflepuff' not found in [] : Search for 'Helga' should return Hufflepuff


Scraper.pages.tests.potter_api.api_houses.TestHarryPotterHousesAPI.test_search_functionality (search_term='blue'): FAIL
Reason: Traceback (most recent call last):
  File "/mnt/c/Users/Gilad/Desktop/repo/Intelli-Shop/Scraper/pages/tests/potter_api/api_houses.py", line 102, in test_search_functionality
    self.assertIn(
AssertionError: 'Ravenclaw' not found in [] : Search for 'blue' should return Ravenclaw



==================================================

Summary:
Total Tests: 8
Passed: 3
Failed: 5